Using pre-set license
Built from '2021.3/staging' branch; Version is '2021.3.6f1 (7da38d85baf6) revision 8233869'; Using compiler version '192829333'; Build Type 'Release'
OS: 'Windows 10  (10.0.19042) 64bit Professional' Language: 'ru' Physical Memory: 24413 MB
BatchMode: 1, IsHumanControllingUs: 0, StartBugReporterOnCrash: 0, Is64bit: 1, IsPro: 1

COMMAND LINE ARGUMENTS:
C:\Program Files\Unity\Hub\Editor\2021.3.6f1\Editor\Unity.exe
-adb2
-batchMode
-noUpm
-name
AssetImportWorker0
-projectPath
C:/Users/Sergey/Desktop/Dpill
-logFile
Logs/AssetImportWorker0.log
-srvPort
51063
Successfully changed project path to: C:/Users/Sergey/Desktop/Dpill
C:/Users/Sergey/Desktop/Dpill
[UnityMemory] Configuration Parameters - Can be set up in boot.config
    "memorysetup-bucket-allocator-granularity=16"
    "memorysetup-bucket-allocator-bucket-count=8"
    "memorysetup-bucket-allocator-block-size=33554432"
    "memorysetup-bucket-allocator-block-count=8"
    "memorysetup-main-allocator-block-size=16777216"
    "memorysetup-thread-allocator-block-size=16777216"
    "memorysetup-gfx-main-allocator-block-size=16777216"
    "memorysetup-gfx-thread-allocator-block-size=16777216"
    "memorysetup-cache-allocator-block-size=4194304"
    "memorysetup-typetree-allocator-block-size=2097152"
    "memorysetup-profiler-bucket-allocator-granularity=16"
    "memorysetup-profiler-bucket-allocator-bucket-count=8"
    "memorysetup-profiler-bucket-allocator-block-size=33554432"
    "memorysetup-profiler-bucket-allocator-block-count=8"
    "memorysetup-profiler-allocator-block-size=16777216"
    "memorysetup-profiler-editor-allocator-block-size=1048576"
    "memorysetup-temp-allocator-size-main=16777216"
    "memorysetup-job-temp-allocator-block-size=2097152"
    "memorysetup-job-temp-allocator-block-size-background=1048576"
    "memorysetup-job-temp-allocator-reduction-small-platforms=262144"
    "memorysetup-temp-allocator-size-background-worker=32768"
    "memorysetup-temp-allocator-size-job-worker=262144"
    "memorysetup-temp-allocator-size-preload-manager=33554432"
    "memorysetup-temp-allocator-size-nav-mesh-worker=65536"
    "memorysetup-temp-allocator-size-audio-worker=65536"
    "memorysetup-temp-allocator-size-cloud-worker=32768"
    "memorysetup-temp-allocator-size-gi-baking-worker=262144"
    "memorysetup-temp-allocator-size-gfx=262144"
Refreshing native plugins compatible for Editor in 119.83 ms, found 3 plugins.
Preloading 0 native plugins for Editor in 0.00 ms.
Initialize engine version: 2021.3.6f1 (7da38d85baf6)
[Subsystems] Discovering subsystems at path C:/Program Files/Unity/Hub/Editor/2021.3.6f1/Editor/Data/Resources/UnitySubsystems
[Subsystems] Discovering subsystems at path C:/Users/Sergey/Desktop/Dpill/Assets
GfxDevice: creating device client; threaded=0; jobified=0
Direct3D:
    Version:  Direct3D 11.0 [level 11.1]
    Renderer: NVIDIA GeForce RTX 2060 (ID=0x1f15)
    Vendor:   NVIDIA
    VRAM:     5980 MB
    Driver:   30.0.15.1215
Initialize mono
Mono path[0] = 'C:/Program Files/Unity/Hub/Editor/2021.3.6f1/Editor/Data/Managed'
Mono path[1] = 'C:/Program Files/Unity/Hub/Editor/2021.3.6f1/Editor/Data/MonoBleedingEdge/lib/mono/unityjit-win32'
Mono config path = 'C:/Program Files/Unity/Hub/Editor/2021.3.6f1/Editor/Data/MonoBleedingEdge/etc'
Using monoOptions --debugger-agent=transport=dt_socket,embedding=1,server=y,suspend=n,address=127.0.0.1:56764
Begin MonoManager ReloadAssembly
Registering precompiled unity dll's ...
Register platform support module: C:/Program Files/Unity/Hub/Editor/2021.3.6f1/Editor/Data/PlaybackEngines/WebGLSupport/UnityEditor.WebGL.Extensions.dll
Register platform support module: C:/Program Files/Unity/Hub/Editor/2021.3.6f1/Editor/Data/PlaybackEngines/AndroidPlayer/UnityEditor.Android.Extensions.dll
Register platform support module: C:/Program Files/Unity/Hub/Editor/2021.3.6f1/Editor/Data/PlaybackEngines/WindowsStandaloneSupport/UnityEditor.WindowsStandalone.Extensions.dll
Registered in 0.012237 seconds.
Native extension for WindowsStandalone target not found
Native extension for Android target not found
Native extension for WebGL target not found
Refreshing native plugins compatible for Editor in 124.45 ms, found 3 plugins.
Preloading 0 native plugins for Editor in 0.00 ms.
Mono: successfully reloaded assembly
- Completed reload, in  0.918 seconds
Domain Reload Profiling:
	ReloadAssembly (919ms)
		BeginReloadAssembly (93ms)
			ExecutionOrderSort (0ms)
			DisableScriptedObjects (0ms)
			BackupInstance (0ms)
			ReleaseScriptingObjects (0ms)
			CreateAndSetChildDomain (1ms)
		EndReloadAssembly (680ms)
			LoadAssemblies (91ms)
			RebuildTransferFunctionScriptingTraits (0ms)
			SetupTypeCache (163ms)
			ReleaseScriptCaches (0ms)
			RebuildScriptCaches (38ms)
			SetupLoadedEditorAssemblies (412ms)
				LogAssemblyErrors (0ms)
				InitializePlatformSupportModulesInManaged (75ms)
				SetLoadedEditorAssemblies (0ms)
				RefreshPlugins (125ms)
				BeforeProcessingInitializeOnLoad (2ms)
				ProcessInitializeOnLoadAttributes (139ms)
				ProcessInitializeOnLoadMethodAttributes (71ms)
				AfterProcessingInitializeOnLoad (0ms)
				EditorAssembliesLoaded (0ms)
			ExecutionOrderSort2 (0ms)
			AwakeInstancesAfterBackupRestoration (0ms)
Platform modules already initialized, skipping
Registering precompiled user dll's ...
Registered in 0.011550 seconds.
Begin MonoManager ReloadAssembly
Symbol file LoadedFromMemory doesn't match image C:\Users\Sergey\Desktop\Dpill\Library\PackageCache\com.unity.visualscripting@1.7.8\Editor\VisualScripting.Core\Dependencies\YamlDotNet\Unity.VisualScripting.YamlDotNet.dll
Symbol file LoadedFromMemory doesn't match image C:\Users\Sergey\Desktop\Dpill\Library\PackageCache\com.unity.visualscripting@1.7.8\Editor\VisualScripting.Core\Dependencies\DotNetZip\Unity.VisualScripting.IonicZip.dll
Native extension for WindowsStandalone target not found
Native extension for Android target not found
Native extension for WebGL target not found
Refreshing native plugins compatible for Editor in 0.71 ms, found 3 plugins.
Preloading 0 native plugins for Editor in 0.00 ms.
Mono: successfully reloaded assembly
- Completed reload, in  1.886 seconds
Domain Reload Profiling:
	ReloadAssembly (1888ms)
		BeginReloadAssembly (263ms)
			ExecutionOrderSort (0ms)
			DisableScriptedObjects (12ms)
			BackupInstance (0ms)
			ReleaseScriptingObjects (0ms)
			CreateAndSetChildDomain (131ms)
		EndReloadAssembly (1436ms)
			LoadAssemblies (120ms)
			RebuildTransferFunctionScriptingTraits (0ms)
			SetupTypeCache (466ms)
			ReleaseScriptCaches (1ms)
			RebuildScriptCaches (95ms)
			SetupLoadedEditorAssemblies (677ms)
				LogAssemblyErrors (0ms)
				InitializePlatformSupportModulesInManaged (23ms)
				SetLoadedEditorAssemblies (1ms)
				RefreshPlugins (1ms)
				BeforeProcessingInitializeOnLoad (166ms)
				ProcessInitializeOnLoadAttributes (426ms)
				ProcessInitializeOnLoadMethodAttributes (45ms)
				AfterProcessingInitializeOnLoad (15ms)
				EditorAssembliesLoaded (0ms)
			ExecutionOrderSort2 (0ms)
			AwakeInstancesAfterBackupRestoration (10ms)
Platform modules already initialized, skipping
========================================================================
Worker process is ready to serve import requests
Launched and connected shader compiler UnityShaderCompiler.exe after 0.06 seconds
Refreshing native plugins compatible for Editor in 0.81 ms, found 3 plugins.
Preloading 0 native plugins for Editor in 0.00 ms.
Unloading 3612 Unused Serialized files (Serialized files now loaded: 0)
Unloading 42 unused Assets / (184.8 KB). Loaded Objects now: 4086.
Memory consumption went from 135.0 MB to 134.8 MB.
Total: 4.161300 ms (FindLiveObjects: 0.369400 ms CreateObjectMapping: 0.300900 ms MarkObjects: 3.316100 ms  DeleteObjects: 0.173800 ms)

AssetImportParameters requested are different than current active one (requested -> active):
  custom:video-decoder-ogg-theora: a1e56fd34408186e4bbccfd4996cb3dc -> 
  custom:container-muxer-webm: aa71ff27fc2769a1b78a27578f13a17b -> 
  custom:container-demuxer-webm: 4f35f7cbe854078d1ac9338744f61a02 -> 
  custom:video-encoder-webm-vp8: eb34c28f22e8b96e1ab97ce403110664 -> 
  custom:audio-encoder-webm-vorbis: bf7c407c2cedff20999df2af8eb42d56 -> 
  custom:framework-win-MediaFoundation: 216162199b28c13a410421893ffa2e32 -> 
  custom:container-demuxer-ogg: 62fdf1f143b41e24485cea50d1cbac27 -> 
  custom:video-decoder-webm-vp8: 9c59270c3fd7afecdb556c50c9e8de78 -> 
  custom:audio-decoder-ogg-vorbis: bf7c407c2cedff20999df2af8eb42d56 -> 
========================================================================
Received Import Request.
  Time since last request: 1188.417737 seconds.
  path: Assets/Ahmad Gamal/Smart FPS Counter
  artifactKey: Guid(bb388b55ac7096c41b0b1118ff6aaf4c) Importer(815301076,1909f56bfc062723c751e8b465ee728b)
Start importing Assets/Ahmad Gamal/Smart FPS Counter using Guid(bb388b55ac7096c41b0b1118ff6aaf4c) Importer(815301076,1909f56bfc062723c751e8b465ee728b)  -> (artifact id: '20c191e9a64e1c0feaa5b60917ce664f') in 0.010221 seconds 
========================================================================
Received Import Request.
  Time since last request: 0.000027 seconds.
  path: Assets/Ahmad Gamal/Smart FPS Counter/Prefaps/FPS Counter B Text Mesh Pro.prefab
  artifactKey: Guid(136cb41013bce9c4ea1728d5634f1d1d) Importer(815301076,1909f56bfc062723c751e8b465ee728b)
Start importing Assets/Ahmad Gamal/Smart FPS Counter/Prefaps/FPS Counter B Text Mesh Pro.prefab using Guid(136cb41013bce9c4ea1728d5634f1d1d) Importer(815301076,1909f56bfc062723c751e8b465ee728b)  -> (artifact id: 'e9097ad75af6baa04e75eb09a2188a7f') in 0.121980 seconds 
========================================================================
Received Import Request.
  Time since last request: 0.000026 seconds.
  path: Assets/Ahmad Gamal/Smart FPS Counter/Prefaps/FPS Counter A.prefab
  artifactKey: Guid(2b6d3c54dc34dd644ae149dd526f779b) Importer(815301076,1909f56bfc062723c751e8b465ee728b)
Start importing Assets/Ahmad Gamal/Smart FPS Counter/Prefaps/FPS Counter A.prefab using Guid(2b6d3c54dc34dd644ae149dd526f779b) Importer(815301076,1909f56bfc062723c751e8b465ee728b)  -> (artifact id: '5447b06300cf597156bb39e2c8fb00f8') in 0.017927 seconds 
========================================================================
Received Import Request.
  Time since last request: 0.000029 seconds.
  path: Assets/Ahmad Gamal/Smart FPS Counter/Prefaps/FPS Counter A Text Mesh Pro.prefab
  artifactKey: Guid(5cc124f854de9544eb9e008d089b69df) Importer(815301076,1909f56bfc062723c751e8b465ee728b)
Start importing Assets/Ahmad Gamal/Smart FPS Counter/Prefaps/FPS Counter A Text Mesh Pro.prefab using Guid(5cc124f854de9544eb9e008d089b69df) Importer(815301076,1909f56bfc062723c751e8b465ee728b)  -> (artifact id: 'f0fd1829db38f70ae6f8edb608964ddd') in 0.045775 seconds 
========================================================================
Received Import Request.
  Time since last request: 0.000034 seconds.
  path: Assets/Ahmad Gamal/Smart FPS Counter/Prefaps
  artifactKey: Guid(c4427ce04e216a44ab565a0f2e8ab7ba) Importer(815301076,1909f56bfc062723c751e8b465ee728b)
Start importing Assets/Ahmad Gamal/Smart FPS Counter/Prefaps using Guid(c4427ce04e216a44ab565a0f2e8ab7ba) Importer(815301076,1909f56bfc062723c751e8b465ee728b)  -> (artifact id: '34206a569152887709459bef4be2bb63') in 0.002578 seconds 
========================================================================
Received Import Request.
  Time since last request: 0.000042 seconds.
  path: Assets/Ahmad Gamal
  artifactKey: Guid(ff3298c1aa9828e48baadfd33b88c02a) Importer(815301076,1909f56bfc062723c751e8b465ee728b)
Start importing Assets/Ahmad Gamal using Guid(ff3298c1aa9828e48baadfd33b88c02a) Importer(815301076,1909f56bfc062723c751e8b465ee728b)  -> (artifact id: '0cb3e1b21ffac8156aa3bdbfa43b451e') in 0.002157 seconds 
========================================================================
Received Import Request.
  Time since last request: 0.000032 seconds.
  path: Assets/Ahmad Gamal/Smart FPS Counter/Prefaps/FPS Counter B.prefab
  artifactKey: Guid(c392ea7c5e0862845b5e1f93bf07bcb3) Importer(815301076,1909f56bfc062723c751e8b465ee728b)
Start importing Assets/Ahmad Gamal/Smart FPS Counter/Prefaps/FPS Counter B.prefab using Guid(c392ea7c5e0862845b5e1f93bf07bcb3) Importer(815301076,1909f56bfc062723c751e8b465ee728b)  -> (artifact id: '2860459f51d750ba4f586c77ed4afad3') in 0.010591 seconds 
========================================================================
Received Import Request.
  Time since last request: 31.150866 seconds.
  path: Assets/Ahmad Gamal/Smart FPS Counter/Prefaps/FPS Counter A Text Mesh Pro.prefab
  artifactKey: Guid(5cc124f854de9544eb9e008d089b69df) Importer(815301076,1909f56bfc062723c751e8b465ee728b)
Start importing Assets/Ahmad Gamal/Smart FPS Counter/Prefaps/FPS Counter A Text Mesh Pro.prefab using Guid(5cc124f854de9544eb9e008d089b69df) Importer(815301076,1909f56bfc062723c751e8b465ee728b)  -> (artifact id: '399853df4c610a14dc9d90dfd0d35bfb') in 0.038664 seconds 
========================================================================
Received Import Request.
  Time since last request: 15.976869 seconds.
  path: Assets/Ahmad Gamal/Smart FPS Counter/Prefaps/FPS Counter A Text Mesh Pro.prefab
  artifactKey: Guid(5cc124f854de9544eb9e008d089b69df) Importer(815301076,1909f56bfc062723c751e8b465ee728b)
Start importing Assets/Ahmad Gamal/Smart FPS Counter/Prefaps/FPS Counter A Text Mesh Pro.prefab using Guid(5cc124f854de9544eb9e008d089b69df) Importer(815301076,1909f56bfc062723c751e8b465ee728b)  -> (artifact id: '34e39c7d74163d80b2de3e7436ee2302') in 0.042704 seconds 
========================================================================
Received Prepare
Registering precompiled user dll's ...
Registered in 0.013561 seconds.
Begin MonoManager ReloadAssembly
Symbol file LoadedFromMemory doesn't match image C:\Users\Sergey\Desktop\Dpill\Library\PackageCache\com.unity.visualscripting@1.7.8\Editor\VisualScripting.Core\Dependencies\YamlDotNet\Unity.VisualScripting.YamlDotNet.dll
Symbol file LoadedFromMemory doesn't match image C:\Users\Sergey\Desktop\Dpill\Library\PackageCache\com.unity.visualscripting@1.7.8\Editor\VisualScripting.Core\Dependencies\DotNetZip\Unity.VisualScripting.IonicZip.dll
Native extension for WindowsStandalone target not found
Native extension for Android target not found
Native extension for WebGL target not found
Refreshing native plugins compatible for Editor in 0.82 ms, found 3 plugins.
Preloading 0 native plugins for Editor in 0.00 ms.
Mono: successfully reloaded assembly
- Completed reload, in  1.739 seconds
Domain Reload Profiling:
	ReloadAssembly (1740ms)
		BeginReloadAssembly (184ms)
			ExecutionOrderSort (0ms)
			DisableScriptedObjects (8ms)
			BackupInstance (0ms)
			ReleaseScriptingObjects (0ms)
			CreateAndSetChildDomain (46ms)
		EndReloadAssembly (1404ms)
			LoadAssemblies (124ms)
			RebuildTransferFunctionScriptingTraits (0ms)
			SetupTypeCache (456ms)
			ReleaseScriptCaches (2ms)
			RebuildScriptCaches (78ms)
			SetupLoadedEditorAssemblies (659ms)
				LogAssemblyErrors (0ms)
				InitializePlatformSupportModulesInManaged (48ms)
				SetLoadedEditorAssemblies (1ms)
				RefreshPlugins (1ms)
				BeforeProcessingInitializeOnLoad (125ms)
				ProcessInitializeOnLoadAttributes (421ms)
				ProcessInitializeOnLoadMethodAttributes (47ms)
				AfterProcessingInitializeOnLoad (16ms)
				EditorAssembliesLoaded (0ms)
			ExecutionOrderSort2 (0ms)
			AwakeInstancesAfterBackupRestoration (11ms)
Platform modules already initialized, skipping
Refreshing native plugins compatible for Editor in 3.47 ms, found 3 plugins.
Preloading 0 native plugins for Editor in 0.00 ms.
Unloading 3591 Unused Serialized files (Serialized files now loaded: 0)
Unloading 24 unused Assets / (153.6 KB). Loaded Objects now: 4101.
Memory consumption went from 133.3 MB to 133.1 MB.
Total: 5.537900 ms (FindLiveObjects: 0.406000 ms CreateObjectMapping: 0.487100 ms MarkObjects: 4.496400 ms  DeleteObjects: 0.146900 ms)

AssetImportParameters requested are different than current active one (requested -> active):
  custom:video-decoder-ogg-theora: a1e56fd34408186e4bbccfd4996cb3dc -> 
  custom:container-muxer-webm: aa71ff27fc2769a1b78a27578f13a17b -> 
  custom:container-demuxer-webm: 4f35f7cbe854078d1ac9338744f61a02 -> 
  custom:video-encoder-webm-vp8: eb34c28f22e8b96e1ab97ce403110664 -> 
  custom:audio-encoder-webm-vorbis: bf7c407c2cedff20999df2af8eb42d56 -> 
  custom:framework-win-MediaFoundation: 216162199b28c13a410421893ffa2e32 -> 
  custom:container-demuxer-ogg: 62fdf1f143b41e24485cea50d1cbac27 -> 
  custom:video-decoder-webm-vp8: 9c59270c3fd7afecdb556c50c9e8de78 -> 
  custom:audio-decoder-ogg-vorbis: bf7c407c2cedff20999df2af8eb42d56 -> 
========================================================================
Received Prepare
Refreshing native plugins compatible for Editor in 8.19 ms, found 3 plugins.
Preloading 0 native plugins for Editor in 0.00 ms.
Unloading 23 Unused Serialized files (Serialized files now loaded: 0)
Unloading 23 unused Assets / (150.2 KB). Loaded Objects now: 4101.
Memory consumption went from 61.8 MB to 61.7 MB.
Total: 5.078200 ms (FindLiveObjects: 0.386600 ms CreateObjectMapping: 0.320100 ms MarkObjects: 4.231200 ms  DeleteObjects: 0.139100 ms)

AssetImportParameters requested are different than current active one (requested -> active):
  custom:video-decoder-ogg-theora: a1e56fd34408186e4bbccfd4996cb3dc -> 
  custom:container-muxer-webm: aa71ff27fc2769a1b78a27578f13a17b -> 
  custom:container-demuxer-webm: 4f35f7cbe854078d1ac9338744f61a02 -> 
  custom:video-encoder-webm-vp8: eb34c28f22e8b96e1ab97ce403110664 -> 
  custom:audio-encoder-webm-vorbis: bf7c407c2cedff20999df2af8eb42d56 -> 
  custom:framework-win-MediaFoundation: 216162199b28c13a410421893ffa2e32 -> 
  custom:container-demuxer-ogg: 62fdf1f143b41e24485cea50d1cbac27 -> 
  custom:video-decoder-webm-vp8: 9c59270c3fd7afecdb556c50c9e8de78 -> 
  custom:audio-decoder-ogg-vorbis: bf7c407c2cedff20999df2af8eb42d56 -> 
